1721171675835:help
1721171800445:hello-world
1721171950311:anagram-check one two
1721172777553:anagram-check fan naf
1721172793236:anagram-check fane fran
1721207525149:anagram-check fg gf
1721207990709:anagram-check nag gan
1721208142535:anagram-check nag zhg
1721208190106:anagram-check nag ang
1721208469129:anagram-check nag gan
1721208497427:anagram-check nag agn
1721208568442:anagram-check nag gan
1721218656965:anagram-check nag gna
1721218693627:anagram-check gan ang
1721219607700:anagram-fetch nag
1721219691243:anagram-check nag gan
1721219701485:anagram-fetch nag
1721219723992:anagram-fetch nag ang
1721219734384:anagram-fetch nag
1721219744000:anagram-check nag ang
1721219766769:anagram-fetch ang
1721219835298:anagram-fetch nag
1721219851825:anagram-fetch gan
1721220064647:anagram-check nag gan
1721220073565:anagram-check nag ang
1721220089206:anagram-fetch gan
1721220104522:anagram-fetch chetan
1721220110579:anagram-fetch nag
1721220119335:anagram-fetch ang
1721220138252:anagram-check gan gna
1721220145360:anagram-fetch gna
1721232672849:anagram-check ghn nhg
1721232683658:anagram-check ghn hgn
1721232691514:anagram-fetch nhg
1721232714386:anagram-check gh n nh  g
1721232745276:anagram-check ghn nhg ghk
1721232756061:anagram-check ghn
1721232771468:anagram-fetch ghn
1721233048878:anagram-check one
1721233140041:anagram-check two
1721233156127:anagram-check one two
1721233161919:anagram-check one noe
1721233520067:exit
